Using pre-set license
Built from '2020.3/staging' branch; Version is '2020.3.0f1 (c7b5465681fb) revision 13088070'; Using compiler version '192528614'; Build Type 'Release'
OS: 'Windows 10 Home; OS build 19043.1110; Version 2009; 64bit' Language: 'fr' Physical Memory: 8081 MB
BatchMode: 1, IsHumanControllingUs: 0, StartBugReporterOnCrash: 0, Is64bit: 1, IsPro: 0

 COMMAND LINE ARGUMENTS:
C:\Program Files\Unity\Hub\Editor\2020.3.0f1\Editor\Unity.exe
-adb2
-batchMode
-noUpm
-name
AssetImportWorker0
-projectPath
C:/Projects/ESGI/YianKutKu-shaders
-logFile
Logs/AssetImportWorker0.log
-srvPort
64420
Successfully changed project path to: C:/Projects/ESGI/YianKutKu-shaders
C:/Projects/ESGI/YianKutKu-shaders
Using Asset Import Pipeline V2.
Refreshing native plugins compatible for Editor in 111.03 ms, found 0 plugins.
Preloading 0 native plugins for Editor in 0.00 ms.
Initialize engine version: 2020.3.0f1 (c7b5465681fb)
[Subsystems] Discovering subsystems at path C:/Program Files/Unity/Hub/Editor/2020.3.0f1/Editor/Data/Resources/UnitySubsystems
[Subsystems] Discovering subsystems at path C:/Projects/ESGI/YianKutKu-shaders/Assets
GfxDevice: creating device client; threaded=0
Direct3D:
    Version:  Direct3D 11.0 [level 11.0]
    Renderer: NVIDIA GeForce GTX 960M (ID=0x139b)
    Vendor:   
    VRAM:     2007 MB
    Driver:   27.21.14.6280
Initialize mono
Mono path[0] = 'C:/Program Files/Unity/Hub/Editor/2020.3.0f1/Editor/Data/Managed'
Mono path[1] = 'C:/Program Files/Unity/Hub/Editor/2020.3.0f1/Editor/Data/MonoBleedingEdge/lib/mono/unityjit'
Mono config path = 'C:/Program Files/Unity/Hub/Editor/2020.3.0f1/Editor/Data/MonoBleedingEdge/etc'
Using monoOptions --debugger-agent=transport=dt_socket,embedding=1,server=y,suspend=n,address=127.0.0.1:56952
Begin MonoManager ReloadAssembly
Registering precompiled unity dll's ...
Register platform support module: C:/Program Files/Unity/Hub/Editor/2020.3.0f1/Editor/Data/PlaybackEngines/WindowsStandaloneSupport/UnityEditor.WindowsStandalone.Extensions.dll
Registered in 0.005930 seconds.
Native extension for WindowsStandalone target not found
Refreshing native plugins compatible for Editor in 101.22 ms, found 0 plugins.
Preloading 0 native plugins for Editor in 0.00 ms.
Invoked RoslynAnalysisRunner static constructor.
RoslynAnalysisRunner will not be running.
RoslynAnalysisRunner has terminated.
Mono: successfully reloaded assembly
- Completed reload, in  2.934 seconds
Platform modules already initialized, skipping
Registering precompiled user dll's ...
Registered in 0.007792 seconds.
Begin MonoManager ReloadAssembly
Native extension for WindowsStandalone target not found
Refreshing native plugins compatible for Editor in 108.87 ms, found 0 plugins.
Preloading 0 native plugins for Editor in 0.00 ms.
Invoked RoslynAnalysisRunner static constructor.
RoslynAnalysisRunner will not be running.
RoslynAnalysisRunner has terminated.
Mono: successfully reloaded assembly
- Completed reload, in  2.187 seconds
Platform modules already initialized, skipping
========================================================================
Worker process is ready to serve import requests
Launched and connected shader compiler UnityShaderCompiler.exe after 0.06 seconds
D3D shader create error for vertex shader [0x80070057]
D3D shader create error for vertex shader [0x80070057]
Refreshing native plugins compatible for Editor in 1.36 ms, found 0 plugins.
Preloading 0 native plugins for Editor in 0.00 ms.
Unloading 3502 Unused Serialized files (Serialized files now loaded: 0)
System memory in use before: 175.2 MB.
System memory in use after: 172.5 MB.

Unloading 41 unused Assets to reduce memory usage. Loaded Objects now: 3934.
Total: 6.137900 ms (FindLiveObjects: 0.471800 ms CreateObjectMapping: 0.307300 ms MarkObjects: 2.774800 ms  DeleteObjects: 2.581700 ms)

========================================================================
Received Import Request.
  path: Assets/Scenes/AllShaders.unity
  artifactKey: Guid(d6597b26c7576bc4ca7962d399e02277) Importer(815301076,1909f56bfc062723c751e8b465ee728b)
Start importing Assets/Scenes/AllShaders.unity using Guid(d6597b26c7576bc4ca7962d399e02277) Importer(815301076,1909f56bfc062723c751e8b465ee728b)  -> (artifact id: 'cf326bb45ed9fcb53422d8b558e1e76f') in 0.025335 seconds
  Import took 0.034311 seconds .

========================================================================
Received Import Request.
  Time since last request: 181.236293 seconds.
  path: Assets/Scenes/AllShaders.unity
  artifactKey: Guid(d6597b26c7576bc4ca7962d399e02277) Importer(815301076,1909f56bfc062723c751e8b465ee728b)
Start importing Assets/Scenes/AllShaders.unity using Guid(d6597b26c7576bc4ca7962d399e02277) Importer(815301076,1909f56bfc062723c751e8b465ee728b)  -> (artifact id: '812182a84d72c9a5aa777c77606cd80c') in 0.005191 seconds
  Import took 0.016714 seconds .

========================================================================
Received Import Request.
  Time since last request: 1.050272 seconds.
  path: Assets/Scenes/YianKutKuScene.unity
  artifactKey: Guid(a4c00a0d35f45954b9b61b0a509fbbe9) Importer(815301076,1909f56bfc062723c751e8b465ee728b)
Start importing Assets/Scenes/YianKutKuScene.unity using Guid(a4c00a0d35f45954b9b61b0a509fbbe9) Importer(815301076,1909f56bfc062723c751e8b465ee728b)  -> (artifact id: 'af5e97b8951fb615e2c4fa4fce140ad1') in 0.010777 seconds
  Import took 0.025677 seconds .

========================================================================
Received Import Request.
  Time since last request: 245.662032 seconds.
  path: Assets/Settings
  artifactKey: Guid(006b6043041431d4d909ad5f958582cb) Importer(815301076,1909f56bfc062723c751e8b465ee728b)
Start importing Assets/Settings using Guid(006b6043041431d4d909ad5f958582cb) Importer(815301076,1909f56bfc062723c751e8b465ee728b)  -> (artifact id: '3678eb28e12e7c23a89c3030eee1e8ae') in 0.012356 seconds
  Import took 0.024624 seconds .

========================================================================
Received Import Request.
  Time since last request: 0.399853 seconds.
  path: Assets/Scripts
  artifactKey: Guid(4719b0884aa2ce045bd0bc265ca981a3) Importer(815301076,1909f56bfc062723c751e8b465ee728b)
Start importing Assets/Scripts using Guid(4719b0884aa2ce045bd0bc265ca981a3) Importer(815301076,1909f56bfc062723c751e8b465ee728b)  -> (artifact id: '098bf3287b824fb3e586a2c96680bda5') in 0.010524 seconds
  Import took 0.021925 seconds .

========================================================================
Received Import Request.
  Time since last request: 0.001121 seconds.
  path: Assets/Scripts
  artifactKey: Guid(4719b0884aa2ce045bd0bc265ca981a3) Importer(815301076,1909f56bfc062723c751e8b465ee728b)
Start importing Assets/Scripts using Guid(4719b0884aa2ce045bd0bc265ca981a3) Importer(815301076,1909f56bfc062723c751e8b465ee728b)  -> (artifact id: '098bf3287b824fb3e586a2c96680bda5') in 0.003273 seconds
  Import took 0.014850 seconds .

========================================================================
Received Import Request.
  Time since last request: 2.641625 seconds.
  path: Assets/Art
  artifactKey: Guid(5192db317307b1740bf2bd5db2e46958) Importer(815301076,1909f56bfc062723c751e8b465ee728b)
Start importing Assets/Art using Guid(5192db317307b1740bf2bd5db2e46958) Importer(815301076,1909f56bfc062723c751e8b465ee728b)  -> (artifact id: 'e35668e226ce82c2936895593aa01c32') in 0.010262 seconds
  Import took 0.022754 seconds .

========================================================================
Received Import Request.
  Time since last request: 0.001230 seconds.
  path: Assets/Art
  artifactKey: Guid(5192db317307b1740bf2bd5db2e46958) Importer(815301076,1909f56bfc062723c751e8b465ee728b)
Start importing Assets/Art using Guid(5192db317307b1740bf2bd5db2e46958) Importer(815301076,1909f56bfc062723c751e8b465ee728b)  -> (artifact id: 'e35668e226ce82c2936895593aa01c32') in 0.005726 seconds
  Import took 0.014420 seconds .

========================================================================
Received Import Request.
  Time since last request: 1.022036 seconds.
  path: Assets/TutorialInfo
  artifactKey: Guid(49110bb8dcada46328ad741970bce702) Importer(815301076,1909f56bfc062723c751e8b465ee728b)
Start importing Assets/TutorialInfo using Guid(49110bb8dcada46328ad741970bce702) Importer(815301076,1909f56bfc062723c751e8b465ee728b)  -> (artifact id: '8817f837b5fb10a29ec0ddfb04359468') in 0.010991 seconds
  Import took 0.020069 seconds .

========================================================================
Received Import Request.
  Time since last request: 3.477466 seconds.
  path: Assets/Animations
  artifactKey: Guid(a083f9776c2650d4c8b1058f9506505d) Importer(815301076,1909f56bfc062723c751e8b465ee728b)
Start importing Assets/Animations using Guid(a083f9776c2650d4c8b1058f9506505d) Importer(815301076,1909f56bfc062723c751e8b465ee728b)  -> (artifact id: 'a58167b9d6f36cdaca6e6d97bade67da') in 0.009659 seconds
  Import took 0.023245 seconds .

========================================================================
Received Prepare
Registering precompiled user dll's ...
Registered in 0.003461 seconds.
Begin MonoManager ReloadAssembly
Native extension for WindowsStandalone target not found
Refreshing native plugins compatible for Editor in 1.85 ms, found 0 plugins.
Preloading 0 native plugins for Editor in 0.00 ms.
Invoked RoslynAnalysisRunner static constructor.
RoslynAnalysisRunner will not be running.
RoslynAnalysisRunner has terminated.
Mono: successfully reloaded assembly
- Completed reload, in  2.744 seconds
Platform modules already initialized, skipping
D3D shader create error for vertex shader [0x80070057]
D3D shader create error for vertex shader [0x80070057]
Refreshing native plugins compatible for Editor in 0.80 ms, found 0 plugins.
Preloading 0 native plugins for Editor in 0.00 ms.
Unloading 3242 Unused Serialized files (Serialized files now loaded: 0)
System memory in use before: 163.9 MB.
System memory in use after: 161.3 MB.

Unloading 36 unused Assets to reduce memory usage. Loaded Objects now: 3937.
Total: 7.310400 ms (FindLiveObjects: 0.621000 ms CreateObjectMapping: 0.521700 ms MarkObjects: 3.125800 ms  DeleteObjects: 3.039800 ms)

========================================================================
Received Import Request.
  Time since last request: 433.030538 seconds.
  path: Assets/Models/Yian Kut-Ku/GlitchShader/GlitchShader.shadergraph
  artifactKey: Guid(efe9a0b3b2feac54caeccdf3465e2981) Importer(815301076,1909f56bfc062723c751e8b465ee728b)
Start importing Assets/Models/Yian Kut-Ku/GlitchShader/GlitchShader.shadergraph using Guid(efe9a0b3b2feac54caeccdf3465e2981) Importer(815301076,1909f56bfc062723c751e8b465ee728b)  -> (artifact id: 'c05498f78892a95cc7c5aafc3807dbab') in 0.074531 seconds
  Import took 0.084055 seconds .

========================================================================
Received Prepare
Registering precompiled user dll's ...
Registered in 0.005744 seconds.
Begin MonoManager ReloadAssembly
Native extension for WindowsStandalone target not found
Refreshing native plugins compatible for Editor in 0.74 ms, found 0 plugins.
Preloading 0 native plugins for Editor in 0.00 ms.
Invoked RoslynAnalysisRunner static constructor.
RoslynAnalysisRunner will not be running.
RoslynAnalysisRunner has terminated.
Mono: successfully reloaded assembly
- Completed reload, in  3.094 seconds
Platform modules already initialized, skipping
D3D shader create error for vertex shader [0x80070057]
D3D shader create error for vertex shader [0x80070057]
Refreshing native plugins compatible for Editor in 1.36 ms, found 0 plugins.
Preloading 0 native plugins for Editor in 0.00 ms.
Unloading 3242 Unused Serialized files (Serialized files now loaded: 0)
System memory in use before: 164.0 MB.
System memory in use after: 161.3 MB.

Unloading 36 unused Assets to reduce memory usage. Loaded Objects now: 3940.
Total: 14.955300 ms (FindLiveObjects: 1.020100 ms CreateObjectMapping: 0.409100 ms MarkObjects: 8.730900 ms  DeleteObjects: 4.793100 ms)

========================================================================
Received Import Request.
  Time since last request: 3306.524652 seconds.
  path: Assets/Models/DBFZ_Menu_Lobby_Avatar_GKA_GokuSS1TornGi_DAE/DBFZ_Menu_Lobby_Avatar_GKA_GokuSS1TornGi_DAE.dae
  artifactKey: Guid(19ae7b34272a5c14ebb6e2c685de0d70) Importer(815301076,1909f56bfc062723c751e8b465ee728b)
Start importing Assets/Models/DBFZ_Menu_Lobby_Avatar_GKA_GokuSS1TornGi_DAE/DBFZ_Menu_Lobby_Avatar_GKA_GokuSS1TornGi_DAE.dae using Guid(19ae7b34272a5c14ebb6e2c685de0d70) Importer(815301076,1909f56bfc062723c751e8b465ee728b)  -> (artifact id: 'e8796f2f0c404107256354ef5a73ff14') in 1.649304 seconds
  Import took 1.835417 seconds .

========================================================================
Received Import Request.
  Time since last request: 2215.683540 seconds.
  path: Assets/Models/DBFZ_Menu_Lobby_Avatar_GKA_GokuSS1TornGi_DAE/GKA_avt_base.png
  artifactKey: Guid(3a0aebe3ee209894cb1365ccfeb5099f) Importer(815301076,1909f56bfc062723c751e8b465ee728b)
Start importing Assets/Models/DBFZ_Menu_Lobby_Avatar_GKA_GokuSS1TornGi_DAE/GKA_avt_base.png using Guid(3a0aebe3ee209894cb1365ccfeb5099f) Importer(815301076,1909f56bfc062723c751e8b465ee728b)  -> (artifact id: 'b8001769b4244baf9f588861bdd569b8') in 0.089068 seconds
  Import took 0.101543 seconds .

========================================================================
Received Import Request.
  Time since last request: 0.003427 seconds.
  path: Assets/Models/DBFZ_Menu_Lobby_Avatar_GKA_GokuSS1TornGi_DAE/GKA_avt_base.png
  artifactKey: Guid(3a0aebe3ee209894cb1365ccfeb5099f) Importer(815301076,1909f56bfc062723c751e8b465ee728b)
Start importing Assets/Models/DBFZ_Menu_Lobby_Avatar_GKA_GokuSS1TornGi_DAE/GKA_avt_base.png using Guid(3a0aebe3ee209894cb1365ccfeb5099f) Importer(815301076,1909f56bfc062723c751e8b465ee728b)  -> (artifact id: 'b8001769b4244baf9f588861bdd569b8') in 0.020368 seconds
  Import took 0.033197 seconds .

========================================================================
Received Import Request.
  Time since last request: 20.113074 seconds.
  path: Assets/Models/PC Computer - DRAGON BALL FighterZ - Goku Super Saiyan 1 Torn Gi.zip
  artifactKey: Guid(e68e70b9537486b4c967ef4436e7404a) Importer(815301076,1909f56bfc062723c751e8b465ee728b)
Start importing Assets/Models/PC Computer - DRAGON BALL FighterZ - Goku Super Saiyan 1 Torn Gi.zip using Guid(e68e70b9537486b4c967ef4436e7404a) Importer(815301076,1909f56bfc062723c751e8b465ee728b)  -> (artifact id: '38087594e1fbef13cbfe624c0ec6c275') in 0.020831 seconds
  Import took 0.033717 seconds .

========================================================================
Received Import Request.
  Time since last request: 0.375290 seconds.
  path: Assets/Models/KAMEHAMEHA.blend
  artifactKey: Guid(3ed97abce93c7cc4f886369fc30c8598) Importer(815301076,1909f56bfc062723c751e8b465ee728b)
Start importing Assets/Models/KAMEHAMEHA.blend using Guid(3ed97abce93c7cc4f886369fc30c8598) Importer(815301076,1909f56bfc062723c751e8b465ee728b)  -> (artifact id: 'e58391c4029279140eb924929dd6cd35') in 0.118418 seconds
  Import took 0.127517 seconds .

========================================================================
Received Import Request.
  Time since last request: 173.652361 seconds.
  path: Assets/Shaders/Kamehmeha
  artifactKey: Guid(3249734e732617b45a61f939ec016db8) Importer(815301076,1909f56bfc062723c751e8b465ee728b)
Start importing Assets/Shaders/Kamehmeha using Guid(3249734e732617b45a61f939ec016db8) Importer(815301076,1909f56bfc062723c751e8b465ee728b)  -> (artifact id: '06aabb98ce165ce443c30a1ab2e9acbb') in 0.009919 seconds
  Import took 0.020116 seconds .

========================================================================
Received Import Request.
  Time since last request: 0.053387 seconds.
  path: Assets/Shaders/Kamehmeha
  artifactKey: Guid(3249734e732617b45a61f939ec016db8) Importer(815301076,1909f56bfc062723c751e8b465ee728b)
Start importing Assets/Shaders/Kamehmeha using Guid(3249734e732617b45a61f939ec016db8) Importer(815301076,1909f56bfc062723c751e8b465ee728b)  -> (artifact id: '06aabb98ce165ce443c30a1ab2e9acbb') in 0.006197 seconds
  Import took 0.017052 seconds .

========================================================================
Received Import Request.
  Time since last request: 68.298280 seconds.
  path: Assets/Shaders/Kamehmeha/ChubbyShader
  artifactKey: Guid(9d2c170f22a07ed4395c204d0fc7332c) Importer(815301076,1909f56bfc062723c751e8b465ee728b)
Start importing Assets/Shaders/Kamehmeha/ChubbyShader using Guid(9d2c170f22a07ed4395c204d0fc7332c) Importer(815301076,1909f56bfc062723c751e8b465ee728b)  -> (artifact id: '7619589f3c04a3b2b231acc3506419e0') in 0.010952 seconds
  Import took 0.024594 seconds .

========================================================================
Received Import Request.
  Time since last request: 2.557145 seconds.
  path: Assets/Shaders/Kamehmeha/ChubbyShader/ChubbyShader.shadergraph
  artifactKey: Guid(0860fb5e4856bf7489d2abe20553fcb6) Importer(815301076,1909f56bfc062723c751e8b465ee728b)
Start importing Assets/Shaders/Kamehmeha/ChubbyShader/ChubbyShader.shadergraph using Guid(0860fb5e4856bf7489d2abe20553fcb6) Importer(815301076,1909f56bfc062723c751e8b465ee728b)  -> (artifact id: '3e612c45dd552b7d3009bb9792a61a79') in 0.008412 seconds
  Import took 0.023985 seconds .

========================================================================
Received Import Request.
  Time since last request: 0.015182 seconds.
  path: Assets/Shaders/Kamehmeha/ChubbyShader/ChubbyShader.shadergraph
  artifactKey: Guid(0860fb5e4856bf7489d2abe20553fcb6) Importer(815301076,1909f56bfc062723c751e8b465ee728b)
Start importing Assets/Shaders/Kamehmeha/ChubbyShader/ChubbyShader.shadergraph using Guid(0860fb5e4856bf7489d2abe20553fcb6) Importer(815301076,1909f56bfc062723c751e8b465ee728b)  -> (artifact id: '3e612c45dd552b7d3009bb9792a61a79') in 0.011161 seconds
  Import took 0.019569 seconds .

========================================================================
Received Import Request.
  Time since last request: 22.221028 seconds.
  path: Assets/Shaders/Kamehmeha/KamehmehaShader.shadergraph
  artifactKey: Guid(0860fb5e4856bf7489d2abe20553fcb6) Importer(815301076,1909f56bfc062723c751e8b465ee728b)
Start importing Assets/Shaders/Kamehmeha/KamehmehaShader.shadergraph using Guid(0860fb5e4856bf7489d2abe20553fcb6) Importer(815301076,1909f56bfc062723c751e8b465ee728b)  -> (artifact id: '32fa2eeca28bcf3184bba9b0c685a241') in 0.012276 seconds
  Import took 0.022770 seconds .

========================================================================
Received Import Request.
  Time since last request: 0.053054 seconds.
  path: Assets/Shaders/Kamehmeha/KamehmehaShader.shadergraph
  artifactKey: Guid(0860fb5e4856bf7489d2abe20553fcb6) Importer(815301076,1909f56bfc062723c751e8b465ee728b)
Start importing Assets/Shaders/Kamehmeha/KamehmehaShader.shadergraph using Guid(0860fb5e4856bf7489d2abe20553fcb6) Importer(815301076,1909f56bfc062723c751e8b465ee728b)  -> (artifact id: '32fa2eeca28bcf3184bba9b0c685a241') in 0.012644 seconds
  Import took 0.024745 seconds .

========================================================================
Received Import Request.
  Time since last request: 9.372429 seconds.
  path: Assets/Shaders/Kamehmeha/YianKutKuUnitShader.shader
  artifactKey: Guid(55e1616449754f34eb0e1a853e0d75fa) Importer(815301076,1909f56bfc062723c751e8b465ee728b)
Start importing Assets/Shaders/Kamehmeha/YianKutKuUnitShader.shader using Guid(55e1616449754f34eb0e1a853e0d75fa) Importer(815301076,1909f56bfc062723c751e8b465ee728b)  -> (artifact id: '56a66991f0d1ce6bd75e47180131d3d2') in 0.034032 seconds
  Import took 0.043713 seconds .

